*** Starting uWSGI 2.0.10 (32bit) on [Sat Jun  6 08:42:11 2015] ***
compiled with version: 4.8.2 on 04 June 2015 13:07:16
os: Linux-3.13.0-53-generic #89-Ubuntu SMP Wed May 20 10:34:28 UTC 2015
nodename: vagrant-ubuntu-trusty-32
machine: i686
clock source: unix
pcre jit disabled
detected number of CPU cores: 1
current working directory: /vagrant_data
detected binary path: /vagrant_data/venv/bin/uwsgi
chdir() to /vagrant_data
your processes number limit is 3905
your memory page size is 4096 bytes
detected max file descriptor number: 1024
lock engine: pthread robust mutexes
thunder lock: disabled (you can enable it with --thunder-lock)
uwsgi socket 0 bound to TCP address 127.0.0.1:8000 fd 3
Python version: 2.7.6 (default, Mar 22 2014, 23:03:14)  [GCC 4.8.2]
Python main interpreter initialized at 0x9475740
python threads support enabled
your server socket listen backlog is limited to 100 connections
your mercy for graceful operations on workers is 60 seconds
mapped 214176 bytes (209 KB) for 4 cores
*** Operational MODE: preforking+threaded ***
WSGI app 0 (mountpoint='') ready in 9 seconds on interpreter 0x9475740 pid: 5334 (default app)
*** uWSGI is running in multiple interpreter mode ***
spawned uWSGI master process (pid: 5334)
spawned uWSGI worker 1 (pid: 5335, cores: 2)
spawned uWSGI worker 2 (pid: 5336, cores: 2)
*** Starting uWSGI 2.0.10 (32bit) on [Sat Jun  6 08:42:22 2015] ***
compiled with version: 4.8.2 on 04 June 2015 13:07:16
os: Linux-3.13.0-53-generic #89-Ubuntu SMP Wed May 20 10:34:28 UTC 2015
nodename: vagrant-ubuntu-trusty-32
machine: i686
clock source: unix
pcre jit disabled
detected number of CPU cores: 1
current working directory: /vagrant_data
detected binary path: /vagrant_data/venv/bin/uwsgi
chdir() to /vagrant_data
your processes number limit is 3905
your memory page size is 4096 bytes
detected max file descriptor number: 1024
lock engine: pthread robust mutexes
thunder lock: disabled (you can enable it with --thunder-lock)
probably another instance of uWSGI is running on the same address (127.0.0.1:8000).
bind(): Address already in use [core/socket.c line 764]
*** Starting uWSGI 2.0.10 (32bit) on [Sat Jun  6 08:42:34 2015] ***
compiled with version: 4.8.2 on 04 June 2015 13:07:16
os: Linux-3.13.0-53-generic #89-Ubuntu SMP Wed May 20 10:34:28 UTC 2015
nodename: vagrant-ubuntu-trusty-32
machine: i686
clock source: unix
pcre jit disabled
detected number of CPU cores: 1
current working directory: /vagrant_data
detected binary path: /vagrant_data/venv/bin/uwsgi
chdir() to /vagrant_data
your processes number limit is 3905
your memory page size is 4096 bytes
detected max file descriptor number: 1024
lock engine: pthread robust mutexes
thunder lock: disabled (you can enable it with --thunder-lock)
probably another instance of uWSGI is running on the same address (127.0.0.1:8000).
bind(): Address already in use [core/socket.c line 764]
*** Starting uWSGI 2.0.10 (32bit) on [Sat Jun  6 08:57:09 2015] ***
compiled with version: 4.8.2 on 04 June 2015 13:07:16
os: Linux-3.13.0-53-generic #89-Ubuntu SMP Wed May 20 10:34:28 UTC 2015
nodename: vagrant-ubuntu-trusty-32
machine: i686
clock source: unix
pcre jit disabled
detected number of CPU cores: 1
current working directory: /vagrant_data
detected binary path: /vagrant_data/venv/bin/uwsgi
chdir() to /vagrant_data
your processes number limit is 3905
your memory page size is 4096 bytes
detected max file descriptor number: 1024
lock engine: pthread robust mutexes
thunder lock: disabled (you can enable it with --thunder-lock)
probably another instance of uWSGI is running on the same address (127.0.0.1:8000).
bind(): Address already in use [core/socket.c line 764]
*** Starting uWSGI 2.0.10 (32bit) on [Sat Jun  6 08:59:50 2015] ***
compiled with version: 4.8.2 on 04 June 2015 13:07:16
os: Linux-3.13.0-53-generic #89-Ubuntu SMP Wed May 20 10:34:28 UTC 2015
nodename: vagrant-ubuntu-trusty-32
machine: i686
clock source: unix
pcre jit disabled
detected number of CPU cores: 1
current working directory: /vagrant_data
detected binary path: /vagrant_data/venv/bin/uwsgi
chdir() to /vagrant_data
your processes number limit is 3905
your memory page size is 4096 bytes
detected max file descriptor number: 1024
lock engine: pthread robust mutexes
thunder lock: disabled (you can enable it with --thunder-lock)
uwsgi socket 0 bound to TCP address 127.0.0.1:8080 fd 3
Python version: 2.7.6 (default, Mar 22 2014, 23:03:14)  [GCC 4.8.2]
Python main interpreter initialized at 0x8f6c740
python threads support enabled
your server socket listen backlog is limited to 100 connections
your mercy for graceful operations on workers is 60 seconds
mapped 214176 bytes (209 KB) for 4 cores
*** Operational MODE: preforking+threaded ***
WSGI app 0 (mountpoint='') ready in 8 seconds on interpreter 0x8f6c740 pid: 5588 (default app)
*** uWSGI is running in multiple interpreter mode ***
spawned uWSGI master process (pid: 5588)
spawned uWSGI worker 1 (pid: 5590, cores: 2)
spawned uWSGI worker 2 (pid: 5591, cores: 2)
*** Starting uWSGI 2.0.10 (32bit) on [Sat Jun  6 14:50:20 2015] ***
compiled with version: 4.8.2 on 04 June 2015 13:07:16
os: Linux-3.13.0-53-generic #89-Ubuntu SMP Wed May 20 10:34:28 UTC 2015
nodename: vagrant-ubuntu-trusty-32
machine: i686
clock source: unix
pcre jit disabled
detected number of CPU cores: 1
current working directory: /vagrant_data
detected binary path: /vagrant_data/venv/bin/uwsgi
chdir() to /vagrant_data
your processes number limit is 3905
your memory page size is 4096 bytes
detected max file descriptor number: 1024
lock engine: pthread robust mutexes
thunder lock: disabled (you can enable it with --thunder-lock)
probably another instance of uWSGI is running on the same address (127.0.0.1:8080).
bind(): Address already in use [core/socket.c line 764]
...brutally killing workers...
...brutally killing workers...
worker 1 buried after 1 seconds
worker 2 buried after 1 seconds
binary reloading uWSGI...
chdir() to /vagrant_data
closing all non-uwsgi socket fds > 2 (max_fd = 1024)...
found fd 3 mapped to socket 0 (127.0.0.1:8080)
worker 1 buried after 1 seconds
worker 2 buried after 1 seconds
binary reloading uWSGI...
chdir() to /vagrant_data
closing all non-uwsgi socket fds > 2 (max_fd = 1024)...
found fd 3 mapped to socket 0 (127.0.0.1:8000)
running /vagrant_data/venv/bin/uwsgi
running /vagrant_data/venv/bin/uwsgi
[uWSGI] getting INI configuration from mysite_uwsgi.ini
*** Starting uWSGI 2.0.10 (32bit) on [Sat Jun  6 23:26:38 2015] ***
compiled with version: 4.8.2 on 04 June 2015 13:07:16
os: Linux-3.13.0-53-generic #89-Ubuntu SMP Wed May 20 10:34:28 UTC 2015
nodename: vagrant-ubuntu-trusty-32
machine: i686
clock source: unix
pcre jit disabled
detected number of CPU cores: 1
current working directory: /vagrant_data
detected binary path: /vagrant_data/venv/bin/uwsgi
chdir() to /vagrant_data
your processes number limit is 3905
your memory page size is 4096 bytes
detected max file descriptor number: 1024
lock engine: pthread robust mutexes
thunder lock: disabled (you can enable it with --thunder-lock)
uwsgi socket 0 bound to TCP address :8001 fd 3
Python version: 2.7.6 (default, Mar 22 2014, 23:03:14)  [GCC 4.8.2]
[uWSGI] getting INI configuration from mysite_uwsgi.ini
*** Starting uWSGI 2.0.10 (32bit) on [Sat Jun  6 23:26:38 2015] ***
compiled with version: 4.8.2 on 04 June 2015 13:07:16
os: Linux-3.13.0-53-generic #89-Ubuntu SMP Wed May 20 10:34:28 UTC 2015
nodename: vagrant-ubuntu-trusty-32
machine: i686
clock source: unix
pcre jit disabled
detected number of CPU cores: 1
current working directory: /vagrant_data
detected binary path: /vagrant_data/venv/bin/uwsgi
chdir() to /vagrant_data
your processes number limit is 3905
your memory page size is 4096 bytes
detected max file descriptor number: 1024
lock engine: pthread robust mutexes
thunder lock: disabled (you can enable it with --thunder-lock)
probably another instance of uWSGI is running on the same address (:8001).
bind(): Address already in use [core/socket.c line 764]
Python main interpreter initialized at 0x83c6358
python threads support enabled
your server socket listen backlog is limited to 100 connections
your mercy for graceful operations on workers is 60 seconds
mapped 214176 bytes (209 KB) for 4 cores
*** Operational MODE: preforking+threaded ***
